TN:
SF:js\searchsubmitsuite.js
FN:1,(anonymous_0)
FN:17,(anonymous_1)
FN:20,(anonymous_2)
FN:25,(anonymous_3)
FNF:4
FNH:1
FNDA:1,(anonymous_0)
FNDA:0,(anonymous_1)
FNDA:0,(anonymous_2)
FNDA:0,(anonymous_3)
DA:1,1
DA:3,1
DA:5,1
DA:6,1
DA:8,1
DA:9,1
DA:11,1
DA:18,0
DA:19,0
DA:20,0
DA:21,0
DA:22,0
DA:26,0
DA:38,1
DA:40,1
LF:15
LH:9
BRDA:5,0,0,1
BRDA:5,0,1,0
BRF:2
BRH:1
end_of_record
TN:
SF:js\api\axiosconnect.js
FN:5,(anonymous_0)
FN:19,(anonymous_1)
FN:23,(anonymous_2)
FNF:3
FNH:2
FNDA:1,(anonymous_0)
FNDA:1,(anonymous_1)
FNDA:0,(anonymous_2)
DA:1,1
DA:3,1
DA:5,1
DA:7,1
DA:14,1
DA:18,1
DA:20,1
DA:23,0
DA:27,1
DA:29,1
LF:10
LH:9
BRF:0
BRH:0
end_of_record
TN:
SF:js\api\searchapi.js
FN:1,(anonymous_0)
FN:13,(anonymous_1)
FN:17,(anonymous_2)
FN:25,loadResults
FN:27,(anonymous_4)
FN:35,(anonymous_5)
FN:47,(anonymous_6)
FN:56,(anonymous_7)
FNF:8
FNH:4
FNDA:0,(anonymous_0)
FNDA:0,(anonymous_1)
FNDA:0,(anonymous_2)
FNDA:1,loadResults
FNDA:1,(anonymous_4)
FNDA:1,(anonymous_5)
FNDA:1,(anonymous_6)
FNDA:0,(anonymous_7)
DA:1,1
DA:3,0
DA:5,0
DA:7,0
DA:14,0
DA:15,0
DA:18,0
DA:19,0
DA:26,1
DA:27,1
DA:28,1
DA:29,1
DA:35,1
DA:36,1
DA:38,1
DA:40,1
DA:41,0
DA:44,0
DA:47,1
DA:48,1
DA:53,1
DA:56,1
DA:57,0
DA:58,0
DA:59,0
DA:61,0
DA:63,0
DA:64,0
DA:66,0
DA:67,0
DA:69,0
DA:70,0
DA:71,0
DA:73,0
DA:93,0
DA:95,0
DA:105,1
LF:37
LH:14
BRDA:40,0,0,0
BRDA:40,0,1,1
BRF:2
BRH:1
end_of_record
